<?xml version="1.0" encoding="utf-8"?><testsuites name="pytest tests"><testsuite name="pytest" errors="0" failures="0" skipped="0" tests="64" time="5.295" timestamp="2026-09-13T13:09:02.778373+00:00" hostname="00e027d809e9"><testcase classname="tests.test_system" name="test_TC01_health" time="0.036" /><testcase classname="tests.test_system" name="test_TC02_unauthorized" time="0.013" /><testcase classname="tests.test_system" name="test_TC03_login_roles[admin]" time="0.081" /><testcase classname="tests.test_system" name="test_TC03_login_roles[dean]" time="0.077" /><testcase classname="tests.test_system" name="test_TC03_login_roles[teacher]" time="0.071" /><testcase classname="tests.test_system" name="test_TC03_login_roles[student]" time="0.077" /><testcase classname="tests.test_system" name="test_TC04_wrong_password" time="0.066" /><testcase classname="tests.test_system" name="test_TC05_logout" time="0.078" /><testcase classname="tests.test_system" name="test_TC06_seed_counts[students-20]" time="0.071" /><testcase classname="tests.test_system" name="test_TC06_seed_counts[groups-5]" time="0.070" /><testcase classname="tests.test_system" name="test_TC06_seed_counts[disciplines-15]" time="0.065" /><testcase classname="tests.test_system" name="test_TC06_seed_counts[teachers-10]" time="0.067" /><testcase classname="tests.test_system" name="test_TC06_seed_counts[grades-240]" time="0.074" /><testcase classname="tests.test_system" name="test_TC07_crud[teachers]" time="0.075" /><testcase classname="tests.test_system" name="test_TC07_crud[groups]" time="0.071" /><testcase classname="tests.test_system" name="test_TC07_crud[students]" time="0.076" /><testcase classname="tests.test_system" name="test_TC07_crud[disciplines]" time="0.075" /><testcase classname="tests.test_system" name="test_TC07_crud[assignments]" time="0.074" /><testcase classname="tests.test_system" name="test_TC07_crud[assessments]" time="0.075" /><testcase classname="tests.test_system" name="test_TC07_crud[users]" time="0.177" /><testcase classname="tests.test_system" name="test_TC08_grade_crud" time="0.075" /><testcase classname="tests.test_system" name="test_TC09_invalid_course" time="0.063" /><testcase classname="tests.test_system" name="test_TC10_invalid_dates" time="0.066" /><testcase classname="tests.test_system" name="test_TC11_blank_name" time="0.064" /><testcase classname="tests.test_system" name="test_TC12_invalid_fk" time="0.070" /><testcase classname="tests.test_system" name="test_TC13_restrict_delete" time="0.064" /><testcase classname="tests.test_system" name="test_TC14_duplicate_grade" time="0.072" /><testcase classname="tests.test_system" name="test_TC15_wrong_group_grade" time="0.065" /><testcase classname="tests.test_system" name="test_TC16_invalid_scale" time="0.073" /><testcase classname="tests.test_system" name="test_TC17_weight_zero" time="0.064" /><testcase classname="tests.test_system" name="test_TC18_teacher_scope" time="0.064" /><testcase classname="tests.test_system" name="test_TC19_student_privacy" time="0.065" /><testcase classname="tests.test_system" name="test_TC20_student_write_denied" time="0.067" /><testcase classname="tests.test_system" name="test_TC21_dean_users_denied" time="0.065" /><testcase classname="tests.test_system" name="test_TC22_weighted_result" time="0.065" /><testcase classname="tests.test_system" name="test_TC23_incomplete_result" time="0.069" /><testcase classname="tests.test_system" name="test_TC24_reports[sheet?assignment_id=1]" time="0.064" /><testcase classname="tests.test_system" name="test_TC24_reports[student?student_id=1]" time="0.064" /><testcase classname="tests.test_system" name="test_TC24_reports[ranking?group_id=1]" time="0.066" /><testcase classname="tests.test_system" name="test_TC24_reports[debtors]" time="0.069" /><testcase classname="tests.test_system" name="test_TC24_reports[statistics]" time="0.065" /><testcase classname="tests.test_system" name="test_TC24_reports[quality]" time="0.065" /><testcase classname="tests.test_system" name="test_TC25_own_rank" time="0.064" /><testcase classname="tests.test_system" name="test_TC26_debtors" time="0.064" /><testcase classname="tests.test_system" name="test_TC27_xlsx" time="0.146" /><testcase classname="tests.test_system" name="test_TC28_pdf" time="0.158" /><testcase classname="tests.test_system" name="test_TC29_audit" time="0.073" /><testcase classname="tests.test_system" name="test_TC30_backup" time="0.072" /><testcase classname="tests.test_system" name="test_TC31_backup_denied" time="0.063" /><testcase classname="tests.test_system" name="test_TC32_self_admin_protection" time="0.065" /><testcase classname="tests.test_system" name="test_TC33_bad_entity" time="0.063" /><testcase classname="tests.test_system" name="test_TC34_csrf" time="0.062" /><testcase classname="tests.test_system" name="test_TC35_sql_injection" time="0.062" /><testcase classname="tests.test_system" name="test_TC36_user_link_validation" time="0.073" /><testcase classname="tests.test_system" name="test_TC37_history_protected" time="0.067" /><testcase classname="tests.test_system" name="test_TC38_password_hidden" time="0.069" /><testcase classname="tests.test_system" name="test_TC39_quality_formula" time="0.068" /><testcase classname="tests.test_system" name="test_TC40_statistics_slices" time="0.069" /><testcase classname="tests.test_system" name="test_TC41_database_constraints" time="0.012" /><testcase classname="tests.test_system" name="test_TC42_expired_session" time="0.078" /><testcase classname="tests.test_system" name="test_TC43_teacher_report_privacy" time="0.068" /><testcase classname="tests.test_system" name="test_TC44_cookie_flags" time="0.064" /><testcase classname="tests.test_system" name="test_TC45_scale_change_protected" time="0.070" /><testcase classname="tests.test_system" name="test_TC46_rate_limit" time="0.592" /></testsuite></testsuites>